<?xml version="1.0" encoding="UTF-8"?>
<testsuite name="com.serey.vertx_starter.json.JsonObjectExample" tests="4" skipped="0" failures="0" errors="0" timestamp="2023-10-23T15:49:52" hostname="DESKTOP-LN7PR8T" time="0.254">
  <properties/>
  <testcase name="jsonObjectCanBeMapped()" classname="com.serey.vertx_starter.json.JsonObjectExample" time="0.2"/>
  <testcase name="jsonObjectCanBeCreatedFromMap()" classname="com.serey.vertx_starter.json.JsonObjectExample" time="0.001"/>
  <testcase name="canMapJavaObject()" classname="com.serey.vertx_starter.json.JsonObjectExample" time="0.046"/>
  <testcase name="jsonArrayCanBeMapped()" classname="com.serey.vertx_starter.json.JsonObjectExample" time="0.004"/>
  <system-out><![CDATA[]]></system-out>
  <system-err><![CDATA[]]></system-err>
</testsuite>
