<?xml version="1.0" encoding="UTF-8"?>
<testsuite name="com.serey.vertx_starter.json.JsonObjectExample" tests="3" skipped="0" failures="0" errors="0" timestamp="2023-10-23T15:03:30" hostname="DESKTOP-LN7PR8T" time="0.103">
  <properties/>
  <testcase name="jsonObjectCanBeMapped()" classname="com.serey.vertx_starter.json.JsonObjectExample" time="0.096"/>
  <testcase name="jsonObjectCanBeCreatedFromMap()" classname="com.serey.vertx_starter.json.JsonObjectExample" time="0.002"/>
  <testcase name="jsonArrayCanBeMapped()" classname="com.serey.vertx_starter.json.JsonObjectExample" time="0.002"/>
  <system-out><![CDATA[]]></system-out>
  <system-err><![CDATA[]]></system-err>
</testsuite>
